<?xml version="1.0" encoding="UTF-8"?>
<!-- Generated by org.testng.reporters.JUnitXMLReporter -->
<testsuite hostname="LAPTOP-OU2JIO6I" ignored="0" name="Test" tests="1" failures="1" timestamp="03 Sep 2017 10:44:14 GMT" time="38.101" errors="0">
  <testcase name="tc002_search" time="19.796" classname="com.mercury.tests.FlightSearchTest">
    <failure type="org.openqa.selenium.NoSuchElementException" message="Cannot locate element with text: september
For documentation on this error, please visit: http://seleniumhq.org/exceptions/no_such_element.html
Build info: version: &amp;apos;2.53.1&amp;apos;, revision: &amp;apos;a36b8b1cd5757287168e54b817830adce9b0158d&amp;apos;, time: &amp;apos;2016-06-30 19:26:09&amp;apos;
System info: host: &amp;apos;LAPTOP-OU2JIO6I&amp;apos;, ip: &amp;apos;192.168.225.37&amp;apos;, os.name: &amp;apos;Windows 10&amp;apos;, os.arch: &amp;apos;amd64&amp;apos;, os.version: &amp;apos;10.0&amp;apos;, java.version: &amp;apos;1.8.0_144&amp;apos;
Driver info: driver.version: unknown">
      <![CDATA[org.openqa.selenium.NoSuchElementException: Cannot locate element with text: september
For documentation on this error, please visit: http://seleniumhq.org/exceptions/no_such_element.html
Build info: version: '2.53.1', revision: 'a36b8b1cd5757287168e54b817830adce9b0158d', time: '2016-06-30 19:26:09'
System info: host: 'LAPTOP-OU2JIO6I', ip: '192.168.225.37', os.name: 'Windows 10', os.arch: 'amd64', os.version: '10.0', java.version: '1.8.0_144'
Driver info: driver.version: unknown
	at org.openqa.selenium.support.ui.Select.selectByVisibleText(Select.java:150)
	at com.mercury.tests.FunctionLibrary.fnSelectByvisibleStringFromMonth(FunctionLibrary.java:34)
	at com.mercury.pages.FlightSearchPage.FlightSearch(FlightSearchPage.java:59)
	at com.mercury.tests.FlightSearchTest.tc002_search(FlightSearchTest.java:20)
... Removed 25 stack frames]]>
    </failure>
  </testcase> <!-- tc002_search -->
</testsuite> <!-- Test -->
